<?xml version="1.0" encoding="UTF-8"?>
<robot generator="Robot 4.1.1 (Python 3.8.3 on linux)" generated="20210921 10:30:58.378" rpa="false" schemaversion="2">
<suite id="s1" name="RobotFramework" source="/home/swapnil/PycharmProjects/RobotFramework">
<suite id="s1-s1" name="MyFirstTestSuite" source="/home/swapnil/PycharmProjects/RobotFramework/MyFirstTestSuite.robot">
<test id="s1-s1-t1" name="JsonData.robot">
<kw name="Log To Console" library="BuiltIn">
<arg>Testing Json robot Framework Demo</arg>
<doc>Logs the given message to the console.</doc>
<status status="PASS" starttime="20210921 10:30:58.490" endtime="20210921 10:30:58.490"/>
</kw>
<kw name="Open Browser" library="SeleniumLibrary">
<arg>${url}</arg>
<arg>Chrome</arg>
<doc>Opens a new browser instance to the optional ``url``.</doc>
<msg timestamp="20210921 10:30:58.491" level="INFO">Opening browser 'Chrome' to base url 'https://opensource-demo.orangehrmlive.com/'.</msg>
<status status="PASS" starttime="20210921 10:30:58.490" endtime="20210921 10:31:03.036"/>
</kw>
<kw name="Maximize Browser Window" library="SeleniumLibrary">
<doc>Maximizes current browser window.</doc>
<status status="PASS" starttime="20210921 10:31:03.036" endtime="20210921 10:31:03.140"/>
</kw>
<kw name="Login using Json Credentials" library="LoginResources">
<kw name="Access User" library="JsonActions">
<var>@{user}</var>
<msg timestamp="20210921 10:31:03.141" level="INFO">@{user} = [ admin | Admin ]</msg>
<status status="PASS" starttime="20210921 10:31:03.141" endtime="20210921 10:31:03.141"/>
</kw>
<kw name="Access Password" library="JsonActions">
<var>@{password}</var>
<msg timestamp="20210921 10:31:03.141" level="INFO">@{password} = [ admin123 | admin123 ]</msg>
<status status="PASS" starttime="20210921 10:31:03.141" endtime="20210921 10:31:03.141"/>
</kw>
<kw name="Input Text" library="SeleniumLibrary">
<arg>id:txtUsername</arg>
<arg>${user}[1]</arg>
<doc>Types the given ``text`` into the text field identified by ``locator``.</doc>
<msg timestamp="20210921 10:31:03.142" level="INFO">Typing text 'Admin' into text field 'id:txtUsername'.</msg>
<status status="PASS" starttime="20210921 10:31:03.141" endtime="20210921 10:31:03.198"/>
</kw>
<kw name="Input Password" library="SeleniumLibrary">
<arg>id:txtPassword</arg>
<arg>${password}[1]</arg>
<doc>Types the given password into the text field identified by ``locator``.</doc>
<msg timestamp="20210921 10:31:03.199" level="INFO">Typing password into text field 'id:txtPassword'.</msg>
<msg timestamp="20210921 10:31:03.224" level="INFO">Temporally setting log level to: NONE</msg>
<msg timestamp="20210921 10:31:03.255" level="INFO">Log level changed from NONE to INFO.</msg>
<status status="PASS" starttime="20210921 10:31:03.198" endtime="20210921 10:31:03.255"/>
</kw>
<kw name="Sleep" library="BuiltIn">
<arg>3 seconds</arg>
<doc>Pauses the test executed for the given time.</doc>
<msg timestamp="20210921 10:31:06.256" level="INFO">Slept 3 seconds</msg>
<status status="PASS" starttime="20210921 10:31:03.255" endtime="20210921 10:31:06.256"/>
</kw>
<kw name="Click Button" library="SeleniumLibrary">
<arg>id=btnLogin</arg>
<doc>Clicks the button identified by ``locator``.</doc>
<msg timestamp="20210921 10:31:06.256" level="INFO">Clicking button 'id=btnLogin'.</msg>
<status status="PASS" starttime="20210921 10:31:06.256" endtime="20210921 10:31:09.781"/>
</kw>
<kw name="Sleep" library="BuiltIn">
<arg>3 seconds</arg>
<doc>Pauses the test executed for the given time.</doc>
<msg timestamp="20210921 10:31:12.782" level="INFO">Slept 3 seconds</msg>
<status status="PASS" starttime="20210921 10:31:09.781" endtime="20210921 10:31:12.782"/>
</kw>
<status status="PASS" starttime="20210921 10:31:03.140" endtime="20210921 10:31:12.782"/>
</kw>
<kw name="Sleep" library="BuiltIn">
<arg>3 seconds</arg>
<doc>Pauses the test executed for the given time.</doc>
<msg timestamp="20210921 10:31:15.783" level="INFO">Slept 3 seconds</msg>
<status status="PASS" starttime="20210921 10:31:12.783" endtime="20210921 10:31:15.783"/>
</kw>
<kw name="Change Result" library="JsonActions">
<arg>PASS</arg>
<status status="PASS" starttime="20210921 10:31:15.783" endtime="20210921 10:31:15.784"/>
</kw>
<kw name="Log Title" library="SeleniumLibrary">
<doc>Logs and returns the title of the current page.</doc>
<msg timestamp="20210921 10:31:15.788" level="INFO">OrangeHRM</msg>
<status status="PASS" starttime="20210921 10:31:15.784" endtime="20210921 10:31:15.788"/>
</kw>
<kw name="Close Browser" library="SeleniumLibrary">
<doc>Closes the current browser.</doc>
<status status="PASS" starttime="20210921 10:31:15.788" endtime="20210921 10:31:15.846"/>
</kw>
<kw name="Close Browser" library="SeleniumLibrary" type="TEARDOWN">
<doc>Closes the current browser.</doc>
<status status="PASS" starttime="20210921 10:31:15.847" endtime="20210921 10:31:15.847"/>
</kw>
<status status="PASS" starttime="20210921 10:30:58.490" endtime="20210921 10:31:15.847"/>
</test>
<kw name="Close Browser" library="SeleniumLibrary" type="TEARDOWN">
<doc>Closes the current browser.</doc>
<status status="PASS" starttime="20210921 10:31:15.848" endtime="20210921 10:31:15.848"/>
</kw>
<status status="PASS" starttime="20210921 10:30:58.392" endtime="20210921 10:31:15.849"/>
</suite>
<status status="PASS" starttime="20210921 10:30:58.379" endtime="20210921 10:31:15.850"/>
</suite>
<statistics>
<total>
<stat pass="1" fail="0" skip="0">All Tests</stat>
</total>
<tag>
</tag>
<suite>
<stat pass="1" fail="0" skip="0" id="s1" name="RobotFramework">RobotFramework</stat>
<stat pass="1" fail="0" skip="0" id="s1-s1" name="MyFirstTestSuite">RobotFramework.MyFirstTestSuite</stat>
</suite>
</statistics>
<errors>
</errors>
</robot>
