<?xml version="1.0" encoding="UTF-8"?>
<robot generator="Robot 4.1.1 (Python 3.9.4 on win32)" generated="20210913 15:24:40.568" rpa="false" schemaversion="2">
<suite id="s1" name="RobotDemo" source="H:\RobotDemo">
<suite id="s1-s1" name="MyFirstTestSuite" source="H:\RobotDemo\MyFirstTestSuite.robot">
<test id="s1-s1-t1" name="firstFile.robot">
<kw name="Log To Console" library="BuiltIn">
<arg>This is my first working test case</arg>
<doc>Logs the given message to the console.</doc>
<status status="PASS" starttime="20210913 15:24:40.959" endtime="20210913 15:24:40.960"/>
</kw>
<kw name="Open Browser" library="SeleniumLibrary">
<arg>${url}</arg>
<arg>Chrome</arg>
<doc>Opens a new browser instance to the optional ``url``.</doc>
<msg timestamp="20210913 15:24:40.961" level="INFO">Opening browser 'Chrome' to base url 'https://opensource-demo.orangehrmlive.com/'.</msg>
<status status="PASS" starttime="20210913 15:24:40.960" endtime="20210913 15:24:46.635"/>
</kw>
<kw name="Maximize Browser Window" library="SeleniumLibrary">
<doc>Maximizes current browser window.</doc>
<status status="PASS" starttime="20210913 15:24:46.636" endtime="20210913 15:24:46.782"/>
</kw>
<kw name="Sleep" library="BuiltIn">
<arg>10 seconds</arg>
<doc>Pauses the test executed for the given time.</doc>
<msg timestamp="20210913 15:24:56.783" level="INFO">Slept 10 seconds</msg>
<status status="PASS" starttime="20210913 15:24:46.783" endtime="20210913 15:24:56.785"/>
</kw>
<kw name="Close Browser" library="SeleniumLibrary">
<doc>Closes the current browser.</doc>
<status status="PASS" starttime="20210913 15:24:56.787" endtime="20210913 15:24:59.117"/>
</kw>
<status status="PASS" starttime="20210913 15:24:40.958" endtime="20210913 15:24:59.118"/>
</test>
<test id="s1-s1-t2" name="SecondRobot">
<kw name="Log To Console" library="BuiltIn">
<arg>Starting Orange HRM website</arg>
<doc>Logs the given message to the console.</doc>
<status status="PASS" starttime="20210913 15:24:59.121" endtime="20210913 15:24:59.121"/>
</kw>
<kw name="Open Browser" library="SeleniumLibrary">
<arg>${url}</arg>
<arg>Chrome</arg>
<doc>Opens a new browser instance to the optional ``url``.</doc>
<msg timestamp="20210913 15:24:59.123" level="INFO">Opening browser 'Chrome' to base url 'https://opensource-demo.orangehrmlive.com/'.</msg>
<status status="PASS" starttime="20210913 15:24:59.122" endtime="20210913 15:25:04.207"/>
</kw>
<kw name="Maximize Browser Window" library="SeleniumLibrary">
<doc>Maximizes current browser window.</doc>
<status status="PASS" starttime="20210913 15:25:04.208" endtime="20210913 15:25:04.335"/>
</kw>
<kw name="Login" library="LoginResources">
<kw name="Input Text" library="SeleniumLibrary">
<arg>id=txtUsername</arg>
<arg>${credentials}[username]</arg>
<doc>Types the given ``text`` into the text field identified by ``locator``.</doc>
<msg timestamp="20210913 15:25:04.336" level="INFO">Typing text 'Admin' into text field 'id=txtUsername'.</msg>
<status status="PASS" starttime="20210913 15:25:04.336" endtime="20210913 15:25:04.503"/>
</kw>
<kw name="Input Password" library="SeleniumLibrary">
<arg>id=txtPassword</arg>
<arg>${credentials}[password]</arg>
<doc>Types the given password into the text field identified by ``locator``.</doc>
<msg timestamp="20210913 15:25:04.505" level="INFO">Typing password into text field 'id=txtPassword'.</msg>
<msg timestamp="20210913 15:25:04.588" level="INFO">Temporally setting log level to: NONE</msg>
<msg timestamp="20210913 15:25:04.672" level="INFO">Log level changed from NONE to INFO.</msg>
<status status="PASS" starttime="20210913 15:25:04.504" endtime="20210913 15:25:04.672"/>
</kw>
<kw name="Sleep" library="BuiltIn">
<arg>10 seconds</arg>
<doc>Pauses the test executed for the given time.</doc>
<msg timestamp="20210913 15:25:14.682" level="INFO">Slept 10 seconds</msg>
<status status="PASS" starttime="20210913 15:25:04.674" endtime="20210913 15:25:14.683"/>
</kw>
<kw name="Click Button" library="SeleniumLibrary">
<arg>id=btnLogin</arg>
<doc>Clicks the button identified by ``locator``.</doc>
<msg timestamp="20210913 15:25:14.686" level="INFO">Clicking button 'id=btnLogin'.</msg>
<status status="PASS" starttime="20210913 15:25:14.684" endtime="20210913 15:25:18.438"/>
</kw>
<kw name="Sleep" library="BuiltIn">
<arg>10 seconds</arg>
<doc>Pauses the test executed for the given time.</doc>
<msg timestamp="20210913 15:25:28.442" level="INFO">Slept 10 seconds</msg>
<status status="PASS" starttime="20210913 15:25:18.439" endtime="20210913 15:25:28.442"/>
</kw>
<status status="PASS" starttime="20210913 15:25:04.335" endtime="20210913 15:25:28.442"/>
</kw>
<kw name="Sleep" library="BuiltIn">
<arg>10 seconds</arg>
<doc>Pauses the test executed for the given time.</doc>
<msg timestamp="20210913 15:25:38.458" level="INFO">Slept 10 seconds</msg>
<status status="PASS" starttime="20210913 15:25:28.443" endtime="20210913 15:25:38.459"/>
</kw>
<kw name="Log To Console" library="BuiltIn">
<arg>Title Should Be</arg>
<arg>OrangeHRM</arg>
<doc>Logs the given message to the console.</doc>
<status status="PASS" starttime="20210913 15:25:38.460" endtime="20210913 15:25:38.461"/>
</kw>
<kw name="Close Browser" library="SeleniumLibrary">
<doc>Closes the current browser.</doc>
<status status="PASS" starttime="20210913 15:25:38.462" endtime="20210913 15:25:40.754"/>
</kw>
<status status="PASS" starttime="20210913 15:24:59.119" endtime="20210913 15:25:40.756"/>
</test>
<test id="s1-s1-t3" name="ThirdRobot.robot">
<status status="FAIL" starttime="20210913 15:25:40.758" endtime="20210913 15:25:40.760">Test case contains no keywords.</status>
</test>
<status status="FAIL" starttime="20210913 15:24:40.937" endtime="20210913 15:25:40.762"/>
</suite>
<status status="FAIL" starttime="20210913 15:24:40.619" endtime="20210913 15:25:40.768"/>
</suite>
<statistics>
<total>
<stat pass="2" fail="1" skip="0">All Tests</stat>
</total>
<tag>
</tag>
<suite>
<stat pass="2" fail="1" skip="0" id="s1" name="RobotDemo">RobotDemo</stat>
<stat pass="2" fail="1" skip="0" id="s1-s1" name="MyFirstTestSuite">RobotDemo.MyFirstTestSuite</stat>
</suite>
</statistics>
<errors>
</errors>
</robot>
