command: robot -A C:\Users\Shubham\AppData\Local\Temp\RIDElj099b8l.d\argfile.txt --listener c:\python39\lib\site-packages\robotide\contrib\testrunner\TestRunnerAgent.py:57020:False H:\RobotDemo

TestRunnerAgent: Running under CPython 3.9.4

===========================================================================================================================================================
RobotDemo                                                                                                                                                  
===========================================================================================================================================================



[ ERROR ] Error in file 'H:\RobotDemo\Resources\LoginResources.robot' on line 4: Importing library 'Resources/JsonActions.py.JsonOperations' failed: ModuleNotFoundError: No module named 'Resources/JsonActions'
Traceback (most recent call last):
  None
PYTHONPATH:
  C:\Python39\Scripts\robot.exe
  c:\python39\python39.zip
  c:\python39\DLLs
  c:\python39\lib
  c:\python39
  c:\python39\lib\site-packages
  c:\python39\lib\site-packages\pip-21.2.4-py3.9.egg
  c:\python39\lib\site-packages\win32
  c:\python39\lib\site-packages\win32\lib

RobotDemo.MyFirstTestSuite                                                                                                                                 
===========================================================================================================================================================
firstFile.robot                                                                                                                                    This is my first working test case



  c:\python39\lib\site-packages\Pythonwin
  c:\python39\lib\site-packages\robotide\contrib\testrunner\../../lib

| FAIL |
InvalidArgumentException: Message: invalid argument
  (Session info: chrome=93.0.4577.82)
-----------------------------------------------------------------------------------------------------------------------------------------------------------
SecondRobot                                                                                                                                        Starting Orange HRM website

| FAIL |
InvalidArgumentException: Message: invalid argument
  (Session info: chrome=93.0.4577.82)
-----------------------------------------------------------------------------------------------------------------------------------------------------------
ThirdRobot.robot                                                                                                                                   Started 3rd Test

| FAIL |
InvalidArgumentException: Message: invalid argument
  (Session info: chrome=93.0.4577.82)
-----------------------------------------------------------------------------------------------------------------------------------------------------------
JsonData.robot                                                                                                                                     Testing Json robot Framework Demo with different usernames and password

| FAIL |
InvalidArgumentException: Message: invalid argument
  (Session info: chrome=93.0.4577.82)
-----------------------------------------------------------------------------------------------------------------------------------------------------------
RobotDemo.MyFirstTestSuite                                                                                                                         | FAIL |
4 tests, 0 passed, 4 failed
===========================================================================================================================================================
RobotDemo                                                                                                                                          | FAIL |
4 tests, 0 passed, 4 failed
===========================================================================================================================================================
Debug:   H:\RobotDemo\Logs\RobotDemo-Message-20210920-135431.log
Output:  H:\RobotDemo\Logs\RobotDemo-Output-20210920-135431.xml

Log:     H:\RobotDemo\Logs\RobotDemo-Log-20210920-135431.html

Report:  H:\RobotDemo\Logs\RobotDemo-Report-20210920-135431.html



Test finished 20210920 13:54:40
